[handleMsg]:  {
  id: 'false_5214495408986@c.us_3EB087E8C0424D3F57A1BA',
  body: 'hola',
  type: 'chat',
  t: 1686602386,
  notifyName: 'ElaLex',
  from: '5214495408986@c.us',
  to: '5214491003900@c.us',
  self: 'in',
  ack: 1,
  isNewMsg: true,
  star: false,
  kicNotified: false,
  recvFresh: true,
  isFromTemplate: false,
  thumbnail: '',
  pollInvalidated: false,
  isSentCagPollCreation: false,
  latestEditMsgKey: null,
  latestEditSenderTimestampMs: null,
  broadcast: false,
  mentionedJidList: [],
  groupMentions: [],
  isVcardOverMmsDocument: false,
  labels: [],
  hasReaction: false,
  ephemeralSettingTimestamp: 1685806978,
  disappearingModeInitiator: 'chat',
  inviteGrpType: 'DEFAULT',
  productHeaderImageRejected: false,
  lastPlaybackProgress: 0,
  isDynamicReplyButtonsMsg: false,
  isMdHistoryMsg: false,
  stickerSentTs: 0,
  isAvatar: false,
  requiresDirectConnection: false,
  pttForwardedFeaturesEnabled: true,
  chatId: '5214495408986@c.us',
  fromMe: false,
  sender: {
    id: '5214495408986@c.us',
    pushname: 'ElaLex',
    type: 'out',
    labels: [ '1' ],
    formattedName: '+52 1 449 540 8986',
    isMe: false,
    isMyContact: false,
    isPSA: false,
    isUser: true,
    isWAContact: false,
    profilePicThumbObj: {
      eurl: 'https://pps.whatsapp.net/v/t61.24694-24/322517991_621618013308348_5910852030851693329_n.jpg?ccb=11-4&oh=01_AdRktjbRQfn1i_SEO5T791wUGxVCeChIMwUi8zeKnV2XdQ&oe=649498AC',
      id: '5214495408986@c.us',
      img: 'https://pps.whatsapp.net/v/t61.24694-24/322517991_621618013308348_5910852030851693329_n.jpg?stp=dst-jpg_s96x96&ccb=11-4&oh=01_AdQ3coSxDnnkKhwmiIj37T8AYdeUY6JXk_n5X_bMG7QUEw&oe=649498AC',
      imgFull: 'https://pps.whatsapp.net/v/t61.24694-24/322517991_621618013308348_5910852030851693329_n.jpg?ccb=11-4&oh=01_AdRktjbRQfn1i_SEO5T791wUGxVCeChIMwUi8zeKnV2XdQ&oe=649498AC',
      tag: '1677303837'
    },
    msgs: null
  },
  timestamp: 1686602386,
  content: 'hola',
  isGroupMsg: false,
  isMedia: false,
  isNotification: false,
  isPSA: false,
  mediaData: {}
}
