[0612/143852.926:INFO:CONSOLE(1)] "Uncaught ReferenceError: start is not defined", source: file:///C:/Program%20Files/Google/Chrome/Application/114.0.5735.110/ (1)
[0612/143852.927:INFO:CONSOLE(2)] "Uncaught ReferenceError: onHasParentDirectory is not defined", source: file:///C:/Program%20Files/Google/Chrome/Application/114.0.5735.110/ (2)
[0612/143852.927:INFO:CONSOLE(3)] "Uncaught ReferenceError: addRow is not defined", source: file:///C:/Program%20Files/Google/Chrome/Application/114.0.5735.110/ (3)
[0612/143852.927:INFO:CONSOLE(4)] "Uncaught ReferenceError: addRow is not defined", source: file:///C:/Program%20Files/Google/Chrome/Application/114.0.5735.110/ (4)
[0612/143852.927:INFO:CONSOLE(5)] "Uncaught ReferenceError: addRow is not defined", source: file:///C:/Program%20Files/Google/Chrome/Application/114.0.5735.110/ (5)
[0612/143852.927:INFO:CONSOLE(6)] "Uncaught ReferenceError: addRow is not defined", source: file:///C:/Program%20Files/Google/Chrome/Application/114.0.5735.110/ (6)
[0612/143852.927:INFO:CONSOLE(7)] "Uncaught ReferenceError: addRow is not defined", source: file:///C:/Program%20Files/Google/Chrome/Application/114.0.5735.110/ (7)
[0612/143852.928:INFO:CONSOLE(8)] "Uncaught ReferenceError: addRow is not defined", source: file:///C:/Program%20Files/Google/Chrome/Application/114.0.5735.110/ (8)
[0612/143852.928:INFO:CONSOLE(9)] "Uncaught ReferenceError: addRow is not defined", source: file:///C:/Program%20Files/Google/Chrome/Application/114.0.5735.110/ (9)
[0612/143852.928:INFO:CONSOLE(10)] "Uncaught ReferenceError: addRow is not defined", source: file:///C:/Program%20Files/Google/Chrome/Application/114.0.5735.110/ (10)
[0612/143852.928:INFO:CONSOLE(11)] "Uncaught ReferenceError: addRow is not defined", source: file:///C:/Program%20Files/Google/Chrome/Application/114.0.5735.110/ (11)
[0612/143852.928:INFO:CONSOLE(12)] "Uncaught ReferenceError: addRow is not defined", source: file:///C:/Program%20Files/Google/Chrome/Application/114.0.5735.110/ (12)
[0612/143852.928:INFO:CONSOLE(13)] "Uncaught ReferenceError: addRow is not defined", source: file:///C:/Program%20Files/Google/Chrome/Application/114.0.5735.110/ (13)
[0612/143852.928:INFO:CONSOLE(14)] "Uncaught ReferenceError: addRow is not defined", source: file:///C:/Program%20Files/Google/Chrome/Application/114.0.5735.110/ (14)
[0612/143852.928:INFO:CONSOLE(15)] "Uncaught ReferenceError: addRow is not defined", source: file:///C:/Program%20Files/Google/Chrome/Application/114.0.5735.110/ (15)
[0612/143852.928:INFO:CONSOLE(16)] "Uncaught ReferenceError: addRow is not defined", source: file:///C:/Program%20Files/Google/Chrome/Application/114.0.5735.110/ (16)
[0612/143852.928:INFO:CONSOLE(17)] "Uncaught ReferenceError: addRow is not defined", source: file:///C:/Program%20Files/Google/Chrome/Application/114.0.5735.110/ (17)
[0612/143852.928:INFO:CONSOLE(18)] "Uncaught ReferenceError: addRow is not defined", source: file:///C:/Program%20Files/Google/Chrome/Application/114.0.5735.110/ (18)
[0612/143852.928:INFO:CONSOLE(19)] "Uncaught ReferenceError: addRow is not defined", source: file:///C:/Program%20Files/Google/Chrome/Application/114.0.5735.110/ (19)
[0612/143852.928:INFO:CONSOLE(20)] "Uncaught ReferenceError: addRow is not defined", source: file:///C:/Program%20Files/Google/Chrome/Application/114.0.5735.110/ (20)
[0612/143852.929:INFO:CONSOLE(21)] "Uncaught ReferenceError: addRow is not defined", source: file:///C:/Program%20Files/Google/Chrome/Application/114.0.5735.110/ (21)
[0612/143852.929:INFO:CONSOLE(22)] "Uncaught ReferenceError: addRow is not defined", source: file:///C:/Program%20Files/Google/Chrome/Application/114.0.5735.110/ (22)
[0612/143852.929:INFO:CONSOLE(23)] "Uncaught ReferenceError: addRow is not defined", source: file:///C:/Program%20Files/Google/Chrome/Application/114.0.5735.110/ (23)
[0612/143852.929:INFO:CONSOLE(24)] "Uncaught ReferenceError: addRow is not defined", source: file:///C:/Program%20Files/Google/Chrome/Application/114.0.5735.110/ (24)
[0612/143852.929:INFO:CONSOLE(25)] "Uncaught ReferenceError: addRow is not defined", source: file:///C:/Program%20Files/Google/Chrome/Application/114.0.5735.110/ (25)
[0612/143852.929:INFO:CONSOLE(26)] "Uncaught ReferenceError: addRow is not defined", source: file:///C:/Program%20Files/Google/Chrome/Application/114.0.5735.110/ (26)
[0612/143852.929:INFO:CONSOLE(27)] "Uncaught ReferenceError: addRow is not defined", source: file:///C:/Program%20Files/Google/Chrome/Application/114.0.5735.110/ (27)
[0612/143852.929:INFO:CONSOLE(28)] "Uncaught ReferenceError: addRow is not defined", source: file:///C:/Program%20Files/Google/Chrome/Application/114.0.5735.110/ (28)
[0612/143852.929:INFO:CONSOLE(29)] "Uncaught ReferenceError: addRow is not defined", source: file:///C:/Program%20Files/Google/Chrome/Application/114.0.5735.110/ (29)
[0612/143852.929:INFO:CONSOLE(30)] "Uncaught ReferenceError: addRow is not defined", source: file:///C:/Program%20Files/Google/Chrome/Application/114.0.5735.110/ (30)
[0612/143852.930:INFO:CONSOLE(31)] "Uncaught ReferenceError: addRow is not defined", source: file:///C:/Program%20Files/Google/Chrome/Application/114.0.5735.110/ (31)
[0612/143852.930:INFO:CONSOLE(32)] "Uncaught ReferenceError: addRow is not defined", source: file:///C:/Program%20Files/Google/Chrome/Application/114.0.5735.110/ (32)
[0612/143852.930:INFO:CONSOLE(33)] "Uncaught ReferenceError: addRow is not defined", source: file:///C:/Program%20Files/Google/Chrome/Application/114.0.5735.110/ (33)
[0612/143859.634:INFO:CONSOLE(7)] "Another connection wants to delete database 'wawc'. Closing db now to resume the delete request.", source: https://web.whatsapp.com/vendor1~app.0c8e960e5dfd7020f562.js (7)
[0612/143906.089:INFO:CONSOLE(1)] "Store Object 'Identity' was not found", source:  (1)
[0612/143906.089:INFO:CONSOLE(1)] "Store Object 'MediaUpload' was not found", source:  (1)
[0612/143906.089:INFO:CONSOLE(1)] "Store Object 'sendSetGroupSubject' was not found", source:  (1)
[0612/143906.089:INFO:CONSOLE(1)] "Store Object 'sendSetGroupProperty' was not found", source:  (1)
[0612/143906.089:INFO:CONSOLE(1)] "Store Object 'sendSetGroupDescription' was not found", source:  (1)
[0612/143906.090:INFO:CONSOLE(5)] "[object Event]", source: https://web.whatsapp.com/app.9e31a8725d9f2a90915f.js (5)
[0612/143906.091:INFO:CONSOLE(5)] "[object Event]", source: https://web.whatsapp.com/app.9e31a8725d9f2a90915f.js (5)
[0612/143906.091:INFO:CONSOLE(5)] "[object Event]", source: https://web.whatsapp.com/app.9e31a8725d9f2a90915f.js (5)
[0612/143906.091:INFO:CONSOLE(5)] "[object Event]", source: https://web.whatsapp.com/app.9e31a8725d9f2a90915f.js (5)
[0612/143906.092:INFO:CONSOLE(5)] "[object Event]", source: https://web.whatsapp.com/app.9e31a8725d9f2a90915f.js (5)
[0612/143959.111:ERROR:gpu_process_host.cc(953)] GPU process exited unexpectedly: exit_code=1
[0612/143959.111:WARNING:gpu_process_host.cc(1318)] The GPU process has crashed 1 time(s)
